<component name="libraryTable">
  <library name="junit-jupiter-5.10.0">
    <CLASSES />
    <JAVADOC />
    <SOURCES />
  </library>
</component>